<?xml version="1.0" encoding="UTF-8"?>
<testsuite xmlns:xsi="http://www.w3.org/2001/XMLSchema-instance" xsi:noNamespaceSchemaLocation="https://maven.apache.org/surefire/maven-surefire-plugin/xsd/surefire-test-report.xsd" version="3.0.2" name="vn.com.routex.hub.api.gateway.RoutexApiGatewayApplicationTests" time="15.822" tests="3" errors="0" skipped="0" failures="0" flakes="0">
  <properties>
[...]
</properties>
  <testcase name="shouldApplyDefaultFiltersForBrowserTraffic" classname="vn.com.routex.hub.api.gateway.RoutexApiGatewayApplicationTests" time="0.863">
    <system-out><![CDATA[02:26:09.877 [main] INFO org.springframework.test.context.support.AnnotationConfigContextLoaderUtils -- Could not detect default configuration classes for test class [vn.com.routex.hub.api.gateway.RoutexApiGatewayApplicationTests]: RoutexApiGatewayApplicationTests does not declare any static, non-private, non-final, nested classes annotated with @Configuration.
02:26:10.415 [main] INFO org.springframework.boot.test.context.SpringBootTestContextBootstrapper -- Found @SpringBootConfiguration vn.com.routex.hub.api.gateway.RoutexApiGatewayApplication for test class vn.com.routex.hub.api.gateway.RoutexApiGatewayApplicationTests
02:26:10.790 [main] INFO org.springframework.test.context.support.AnnotationConfigContextLoaderUtils -- Could not detect default configuration classes for test class [vn.com.routex.hub.api.gateway.RoutexApiGatewayApplicationTests]: RoutexApiGatewayApplicationTests does not declare any static, non-private, non-final, nested classes annotated with @Configuration.
02:26:10.798 [main] INFO org.springframework.boot.test.context.SpringBootTestContextBootstrapper -- Found @SpringBootConfiguration vn.com.routex.hub.api.gateway.RoutexApiGatewayApplication for test class vn.com.routex.hub.api.gateway.RoutexApiGatewayApplicationTests

  .   ____          _            __ _ _
 /\\ / ___'_ __ _ _(_)_ __  __ _ \ \ \ \
( ( )\___ | '_ | '_| | '_ \/ _` | \ \ \ \
 \\/  ___)| |_)| | | | | || (_| |  ) ) ) )
  '  |____| .__|_| |_|_| |_\__, | / / / /
 =========|_|==============|___/=/_/_/_/

 :: Spring Boot ::                (v4.0.6)

2026-06-24 02:26:13,662 main INFO [] Starting RoutexApiGatewayApplicationTests using Java 21.0.10 with PID 52236 (started by happy091 in /Volumes/Dev/Workspace/GoRoutex/go-routex-api-gateway) - vn.com.routex.hub.api.gateway.RoutexApiGatewayApplicationTests
2026-06-24 02:26:13,664 main INFO [] No active profile set, falling back to 1 default profile: "default" - vn.com.routex.hub.api.gateway.RoutexApiGatewayApplicationTests
2026-06-24 02:26:14,516 background-preinit INFO [] HV000001: Hibernate Validator 9.0.1.Final - org.hibernate.validator.internal.util.Version
2026-06-24 02:26:17,039 main INFO [] Multiple Spring Data modules found, entering strict repository configuration mode - org.springframework.data.repository.config.RepositoryConfigurationDelegate
2026-06-24 02:26:17,044 main INFO [] Bootstrapping Spring Data Redis repositories in DEFAULT mode. - org.springframework.data.repository.config.RepositoryConfigurationDelegate
2026-06-24 02:26:17,202 main INFO [] Finished Spring Data repository scanning in 22 ms. Found 0 Redis repository interfaces. - org.springframework.data.repository.config.RepositoryConfigurationDelegate
2026-06-24 02:26:18,358 main INFO [] BeanFactory id=85ce758c-a4c4-3887-b988-35f6787be46d - org.springframework.cloud.context.scope.GenericScope
2026-06-24 02:26:22,516 main INFO [] Loaded RoutePredicateFactory [After] - org.springframework.cloud.gateway.route.RouteDefinitionRouteLocator
2026-06-24 02:26:22,520 main INFO [] Loaded RoutePredicateFactory [Before] - org.springframework.cloud.gateway.route.RouteDefinitionRouteLocator
2026-06-24 02:26:22,520 main INFO [] Loaded RoutePredicateFactory [Between] - org.springframework.cloud.gateway.route.RouteDefinitionRouteLocator
2026-06-24 02:26:22,521 main INFO [] Loaded RoutePredicateFactory [Cookie] - org.springframework.cloud.gateway.route.RouteDefinitionRouteLocator
2026-06-24 02:26:22,521 main INFO [] Loaded RoutePredicateFactory [Header] - org.springframework.cloud.gateway.route.RouteDefinitionRouteLocator
2026-06-24 02:26:22,521 main INFO [] Loaded RoutePredicateFactory [Host] - org.springframework.cloud.gateway.route.RouteDefinitionRouteLocator
2026-06-24 02:26:22,521 main INFO [] Loaded RoutePredicateFactory [Method] - org.springframework.cloud.gateway.route.RouteDefinitionRouteLocator
2026-06-24 02:26:22,521 main INFO [] Loaded RoutePredicateFactory [Path] - org.springframework.cloud.gateway.route.RouteDefinitionRouteLocator
2026-06-24 02:26:22,521 main INFO [] Loaded RoutePredicateFactory [Query] - org.springframework.cloud.gateway.route.RouteDefinitionRouteLocator
2026-06-24 02:26:22,521 main INFO [] Loaded RoutePredicateFactory [ReadBody] - org.springframework.cloud.gateway.route.RouteDefinitionRouteLocator
2026-06-24 02:26:22,521 main INFO [] Loaded RoutePredicateFactory [RemoteAddr] - org.springframework.cloud.gateway.route.RouteDefinitionRouteLocator
2026-06-24 02:26:22,521 main INFO [] Loaded RoutePredicateFactory [Version] - org.springframework.cloud.gateway.route.RouteDefinitionRouteLocator
2026-06-24 02:26:22,521 main INFO [] Loaded RoutePredicateFactory [XForwardedRemoteAddr] - org.springframework.cloud.gateway.route.RouteDefinitionRouteLocator
2026-06-24 02:26:22,521 main INFO [] Loaded RoutePredicateFactory [Weight] - org.springframework.cloud.gateway.route.RouteDefinitionRouteLocator
2026-06-24 02:26:22,522 main INFO [] Loaded RoutePredicateFactory [CloudFoundryRouteService] - org.springframework.cloud.gateway.route.RouteDefinitionRouteLocator
2026-06-24 02:26:23,114 main INFO [] Exposing 3 endpoints beneath base path '/actuator' - org.springframework.boot.actuate.endpoint.web.EndpointLinksResolver
2026-06-24 02:26:24,026 main INFO [] Started RoutexApiGatewayApplicationTests in 11.978 seconds (process running for 20.032) - vn.com.routex.hub.api.gateway.RoutexApiGatewayApplicationTests
]]></system-out>
    <system-err><![CDATA[Mockito is currently self-attaching to enable the inline-mock-maker. This will no longer work in future releases of the JDK. Please add Mockito as an agent to your build as described in Mockito's documentation: https://javadoc.io/doc/org.mockito/mockito-core/latest/org.mockito/org/mockito/Mockito.html#0.3
WARNING: A Java agent has been loaded dynamically (/Users/happy091/.m2/repository/net/bytebuddy/byte-buddy-agent/1.17.8/byte-buddy-agent-1.17.8.jar)
WARNING: If a serviceability tool is in use, please run with -XX:+EnableDynamicAgentLoading to hide this warning
WARNING: If a serviceability tool is not in use, please run with -Djdk.instrument.traceUsage for more information
WARNING: Dynamic loading of agents will be disallowed by default in a future release
]]></system-err>
  </testcase>
  <testcase name="shouldRegisterRoutesForAllBackendServices" classname="vn.com.routex.hub.api.gateway.RoutexApiGatewayApplicationTests" time="0.006"/>
  <testcase name="shouldConfigureGatewayCorsForLocalFrontendOrigins" classname="vn.com.routex.hub.api.gateway.RoutexApiGatewayApplicationTests" time="0.005"/>
</testsuite>